0 info it worked if it ends with ok
1 verbose cli [ '/usr/local/bin/node',
1 verbose cli   '/usr/local/bin/npm',
1 verbose cli   'install',
1 verbose cli   'child_process',
1 verbose cli   '--save' ]
2 info using npm@2.14.7
3 info using node@v4.2.3
4 verbose install initial load of /Users/saptarshichatterjee/Desktop/codeRev/package.json
5 warn package.json codeRev@1.0.0 No repository field.
6 verbose installManyTop reading scoped package data from /Users/saptarshichatterjee/Desktop/codeRev/node_modules/pusher/package.json
7 verbose installManyTop reading scoped package data from /Users/saptarshichatterjee/Desktop/codeRev/node_modules/socket.io/package.json
8 info package.json socket.io@1.3.7 No license field.
9 info package.json pusher@1.0.6 No license field.
10 verbose readDependencies loading dependencies from /Users/saptarshichatterjee/Desktop/codeRev/package.json
11 silly cache add args [ 'child_process', null ]
12 verbose cache add spec child_process
13 silly cache add parsed spec Result {
13 silly cache add   raw: 'child_process',
13 silly cache add   scope: null,
13 silly cache add   name: 'child_process',
13 silly cache add   rawSpec: '',
13 silly cache add   spec: '*',
13 silly cache add   type: 'range' }
14 silly addNamed child_process@*
15 verbose addNamed "*" is a valid semver range for child_process
16 silly addNameRange { name: 'child_process', range: '*', hasData: false }
17 silly mapToRegistry name child_process
18 silly mapToRegistry using default registry
19 silly mapToRegistry registry https://registry.npmjs.org/
20 silly mapToRegistry uri https://registry.npmjs.org/child_process
21 verbose addNameRange registry:https://registry.npmjs.org/child_process not in flight; fetching
22 verbose request uri https://registry.npmjs.org/child_process
23 verbose request no auth needed
24 info attempt registry request try #1 at 12:43:40 PM
25 verbose request id a0a6e4c51fd8acff
26 http request GET https://registry.npmjs.org/child_process
27 http 404 https://registry.npmjs.org/child_process
28 verbose headers { 'content-type': 'application/json',
28 verbose headers   'cache-control': 'max-age=0',
28 verbose headers   'content-length': '2',
28 verbose headers   'accept-ranges': 'bytes',
28 verbose headers   date: 'Sun, 20 Dec 2015 07:13:41 GMT',
28 verbose headers   via: '1.1 varnish',
28 verbose headers   age: '0',
28 verbose headers   connection: 'keep-alive',
28 verbose headers   'x-served-by': 'cache-sin6923-SIN',
28 verbose headers   'x-cache': 'MISS',
28 verbose headers   'x-cache-hits': '0',
28 verbose headers   'x-timer': 'S1450595621.692071,VS0,VE231' }
29 silly get cb [ 404,
29 silly get   { 'content-type': 'application/json',
29 silly get     'cache-control': 'max-age=0',
29 silly get     'content-length': '2',
29 silly get     'accept-ranges': 'bytes',
29 silly get     date: 'Sun, 20 Dec 2015 07:13:41 GMT',
29 silly get     via: '1.1 varnish',
29 silly get     age: '0',
29 silly get     connection: 'keep-alive',
29 silly get     'x-served-by': 'cache-sin6923-SIN',
29 silly get     'x-cache': 'MISS',
29 silly get     'x-cache-hits': '0',
29 silly get     'x-timer': 'S1450595621.692071,VS0,VE231' } ]
30 verbose stack Error: Registry returned 404 for GET on https://registry.npmjs.org/child_process
30 verbose stack     at makeError (/usr/local/lib/node_modules/npm/node_modules/npm-registry-client/lib/request.js:264:12)
30 verbose stack     at CachingRegistryClient.<anonymous> (/usr/local/lib/node_modules/npm/node_modules/npm-registry-client/lib/request.js:242:14)
30 verbose stack     at Request._callback (/usr/local/lib/node_modules/npm/node_modules/npm-registry-client/lib/request.js:172:14)
30 verbose stack     at Request.self.callback (/usr/local/lib/node_modules/npm/node_modules/request/request.js:198:22)
30 verbose stack     at emitTwo (events.js:87:13)
30 verbose stack     at Request.emit (events.js:172:7)
30 verbose stack     at Request.<anonymous> (/usr/local/lib/node_modules/npm/node_modules/request/request.js:1063:14)
30 verbose stack     at emitOne (events.js:82:20)
30 verbose stack     at Request.emit (events.js:169:7)
30 verbose stack     at IncomingMessage.<anonymous> (/usr/local/lib/node_modules/npm/node_modules/request/request.js:1009:12)
31 verbose statusCode 404
32 verbose pkgid child_process
33 verbose cwd /Users/saptarshichatterjee/Desktop/codeRev
34 error Darwin 14.5.0
35 error argv "/usr/local/bin/node" "/usr/local/bin/npm" "install" "child_process" "--save"
36 error node v4.2.3
37 error npm  v2.14.7
38 error code E404
39 error 404 Registry returned 404 for GET on https://registry.npmjs.org/child_process
39 error 404
39 error 404 'child_process' is not in the npm registry.
39 error 404 Your package name is not valid, because
39 error 404
39 error 404  1. child_process is a core module name
39 error 404 It was specified as a dependency of 'codeRev'
39 error 404
39 error 404 Note that you can also install from a
39 error 404 tarball, folder, http url, or git url.
40 verbose exit [ 1, true ]
